{"uid":"65479846615ba5ff","name":"Get a page of activations","fullName":"functional-tests.tests.test_activation#test_get_all_activations","historyId":"66267a3409d96dfc9a077ff3adf38f69","time":{"start":1760439474121,"stop":1760439475495,"duration":1374},"status":"failed","statusMessage":"AssertionError: Expected 200 but got 429\nassert 429 == 200\n +  where 429 = <Response [429]>.status_code","statusTrace":"@allure.feature('Activation')\n    @allure.story('List Activations')\n    @allure.title('Get a page of activations')\n    @pytest.mark.auth\n    @pytest.mark.activation\n    @pytest.mark.happy_path\n    def test_get_all_activations():\n        access_token = get_valid_access_token(\n            client_id=secrets.debtor_service_provider.client_id,\n            client_secret=secrets.debtor_service_provider.client_secret,\n            access_token_function=get_access_token\n        )\n        res = get_all_activations(access_token, page=0, size=16)\n>       assert res.status_code == 200, f'Expected 200 but got {res.status_code}'\nE       AssertionError: Expected 200 but got 429\nE       assert 429 == 200\nE        +  where 429 = <Response [429]>.status_code\n\nfunctional-tests/tests/test_activation.py:64: AssertionError","flaky":false,"newFailed":false,"newBroken":false,"newPassed":false,"retriesCount":0,"retriesStatusChange":false,"beforeStages":[{"name":"_session_faker","time":{"start":1760439471949,"stop":1760439472009,"duration":60},"status":"passed","steps":[],"attachments":[],"parameters":[],"shouldDisplayMessage":false,"stepsCount":0,"attachmentsCount":0,"hasContent":false,"attachmentStep":false}],"afterStages":[],"labels":[{"name":"feature","value":"Activation"},{"name":"story","value":"List Activations"},{"name":"tag","value":"happy_path"},{"name":"tag","value":"activation"},{"name":"tag","value":"auth"},{"name":"parentSuite","value":"functional-tests.tests"},{"name":"suite","value":"test_activation"},{"name":"host","value":"runnervmwhb2z"},{"name":"thread","value":"2475-MainThread"},{"name":"framework","value":"pytest"},{"name":"language","value":"cpython3"},{"name":"package","value":"functional-tests.tests.test_activation"},{"name":"resultFormat","value":"allure2"}],"parameters":[],"links":[],"hidden":false,"retry":false,"extra":{"severity":"normal","retries":[],"categories":[{"name":"Product defects","matchedStatuses":[],"flaky":false}],"history":{"statistic":{"failed":2,"broken":0,"skipped":0,"passed":0,"unknown":0,"total":2},"items":[{"uid":"da6165e3e1fd28a3","reportUrl":"https://pagopa.github.io/rtp-platform-qa/functional/569//#testresult/da6165e3e1fd28a3","status":"failed","statusDetails":"AssertionError: Expected 200 but got 429\nassert 429 == 200\n +  where 429 = <Response [429]>.status_code","time":{"start":1760439273141,"stop":1760439274758,"duration":1617}}]},"tags":["auth","activation","happy_path"]},"source":"65479846615ba5ff.json","parameterValues":[]}