{"uid":"a0f98ccd9bb1d0cc","name":"Get a page of activations","fullName":"functional-tests.tests.test_activation#test_get_all_activations","historyId":"66267a3409d96dfc9a077ff3adf38f69","time":{"start":1760595756671,"stop":1760595759216,"duration":2545},"status":"failed","statusMessage":"AssertionError: Expected 200 but got 429\nassert 429 == 200\n +  where 429 = <Response [429]>.status_code","statusTrace":"@allure.feature('Activation')\n    @allure.story('List Activations')\n    @allure.title('Get a page of activations')\n    @pytest.mark.auth\n    @pytest.mark.activation\n    @pytest.mark.happy_path\n    def test_get_all_activations():\n        access_token = get_valid_access_token(\n            client_id=secrets.debtor_service_provider.client_id,\n            client_secret=secrets.debtor_service_provider.client_secret,\n            access_token_function=get_access_token\n        )\n        res = get_all_activations(access_token, page=0, size=16)\n>       assert res.status_code == 200, f'Expected 200 but got {res.status_code}'\nE       AssertionError: Expected 200 but got 429\nE       assert 429 == 200\nE        +  where 429 = <Response [429]>.status_code\n\nfunctional-tests/tests/test_activation.py:64: AssertionError","flaky":false,"newFailed":false,"newBroken":false,"newPassed":false,"retriesCount":0,"retriesStatusChange":false,"beforeStages":[{"name":"_session_faker","time":{"start":1760595754022,"stop":1760595754087,"duration":65},"status":"passed","steps":[],"attachments":[],"parameters":[],"shouldDisplayMessage":false,"stepsCount":0,"attachmentsCount":0,"hasContent":false,"attachmentStep":false}],"afterStages":[],"labels":[{"name":"story","value":"List Activations"},{"name":"feature","value":"Activation"},{"name":"tag","value":"happy_path"},{"name":"tag","value":"activation"},{"name":"tag","value":"auth"},{"name":"parentSuite","value":"functional-tests.tests"},{"name":"suite","value":"test_activation"},{"name":"host","value":"runnervmwhb2z"},{"name":"thread","value":"2631-MainThread"},{"name":"framework","value":"pytest"},{"name":"language","value":"cpython3"},{"name":"package","value":"functional-tests.tests.test_activation"},{"name":"resultFormat","value":"allure2"}],"parameters":[],"links":[],"hidden":false,"retry":false,"extra":{"severity":"normal","retries":[],"categories":[{"name":"Product defects","matchedStatuses":[],"flaky":false}],"history":{"statistic":{"failed":4,"broken":0,"skipped":0,"passed":0,"unknown":0,"total":4},"items":[{"uid":"61ba321bc6ebfbbe","reportUrl":"https://pagopa.github.io/rtp-platform-qa/575//#testresult/61ba321bc6ebfbbe","status":"failed","statusDetails":"AssertionError: Expected 200 but got 429\nassert 429 == 200\n +  where 429 = <Response [429]>.status_code","time":{"start":1760522063013,"stop":1760522065079,"duration":2066}},{"uid":"72f401559e708411","reportUrl":"https://pagopa.github.io/rtp-platform-qa/574//#testresult/72f401559e708411","status":"failed","statusDetails":"AssertionError: Expected 200 but got 429\nassert 429 == 200\n +  where 429 = <Response [429]>.status_code","time":{"start":1760521301814,"stop":1760521303582,"duration":1768}},{"uid":"de1a770bdaf9348f","reportUrl":"https://pagopa.github.io/rtp-platform-qa/573//#testresult/de1a770bdaf9348f","status":"failed","statusDetails":"AssertionError: Expected 200 but got 429\nassert 429 == 200\n +  where 429 = <Response [429]>.status_code","time":{"start":1760520504598,"stop":1760520506247,"duration":1649}}]},"tags":["auth","activation","happy_path"]},"source":"a0f98ccd9bb1d0cc.json","parameterValues":[]}