{"uid":"938fe8c45072b23b","name":"A DELETE message after CREATE DRAFT","fullName":"functional-tests.tests.test_RTP_process_sender_DELETE#test_send_gpd_message_delete_after_create","historyId":"55b8a1f11584b2ac5f09727f4456b8d6","time":{"start":1770446253705,"stop":1770446254502,"duration":797},"description":"Test sending a DELETE operation message via GPD message API after a CREATE","descriptionHtml":"<p>Test sending a DELETE operation message via GPD message API after a CREATE</p>\n","status":"failed","statusMessage":"AssertionError: Expected 400 for CREATE with status DRAFT, got 200. Response:","statusTrace":"rtp_consumer_access_token = 'Bearer eyJraWQiOiJiM2MxOWIxODA0ODg0ZGFjOGViYjY3NDhlODcyZDE0ZS83ZjFkZWQzZWQ4OTA0MzEyOTYwMjU5MDIxZjY3Y2I0MCIsImFsZyI6Il...oaA8SZjZMVP0J4qlFtXq5nT6sVxNi9ge9oTV0MfmVL-C3yZd-FvE39RRZUdcWnqC7BrjVg0s_4a6b4XH0U2ZOIeHekUtCTaaYqrx9SY1jJjVtOeT4AGJ9I'\nrandom_fiscal_code = 'MCCLCN76A18X000U'\nactivate_payer = <function activate_payer.<locals>._activate at 0x7fbabc0c8460>\nstatus = 'DRAFT'\n\n    @allure.epic('RTP GPD Message')\n    @allure.feature('GPD Message API')\n    @allure.story('Consumer sends DELETE message to Sender after CREATE')\n    @allure.title('A DELETE message after CREATE {status}')\n    @allure.tag('functional', 'gpd_message', 'rtp_send', 'delete_parameterized')\n    @pytest.mark.send\n    @pytest.mark.parametrize('status', list(DELETE_AFTER_CREATE_CODES.keys()))\n    def test_send_gpd_message_delete_after_create(\n        rtp_consumer_access_token,\n        random_fiscal_code,\n        activate_payer,\n        status\n    ):\n        \"\"\"Test sending a DELETE operation message via GPD message API after a CREATE\"\"\"\n    \n        activate_payer(random_fiscal_code)\n    \n        create_payload = generate_gpd_message_payload(\n            fiscal_code=random_fiscal_code,\n            operation='CREATE',\n            status=status\n        )\n    \n        response_create = send_gpd_message(\n            access_token=rtp_consumer_access_token,\n            message_payload=create_payload\n        )\n    \n        expected_create_code = get_create_expected_code(status)\n>       assert_response_code(response_create, expected_create_code, 'CREATE', status)\n\nfunctional-tests/tests/test_RTP_process_sender_DELETE.py:45: \n_ _ _ _ _ _ _ _ _ _ _ _ _ _ _ _ _ _ _ _ _ _ _ _ _ _ _ _ _ _ _ _ _ _ _ _ _ _ _ _ \n\nresponse = <Response [200]>, expected_code = 400, operation = 'CREATE'\nstatus = 'DRAFT'\n\n    def assert_response_code(\n        response: Response,\n        expected_code: int,\n        operation: str,\n        status: str\n    ) -> None:\n        \"\"\"\n        Assert that the response has the expected status code.\n        Provides a detailed error message if the assertion fails.\n        \"\"\"\n>       assert response.status_code == expected_code, (\n               ^^^^^^^^^^^^^^^^^^^^^^^^^^^^^^^^^^^^^\n            f\"Expected {expected_code} for {operation} with status {status}, \"\n            f\"got {response.status_code}. Response: {response.text}\"\n        )\nE       AssertionError: Expected 400 for CREATE with status DRAFT, got 200. Response:\n\nutils/response_assertions_utils.py:65: AssertionError","flaky":false,"newFailed":false,"newBroken":false,"newPassed":false,"retriesCount":0,"retriesStatusChange":false,"beforeStages":[{"name":"_session_faker","time":{"start":1770446158675,"stop":1770446158753,"duration":78},"status":"passed","steps":[],"attachments":[],"parameters":[],"stepsCount":0,"shouldDisplayMessage":false,"attachmentsCount":0,"hasContent":false,"attachmentStep":false},{"name":"rtp_consumer_access_token","time":{"start":1770446252960,"stop":1770446253325,"duration":365},"status":"passed","steps":[],"attachments":[],"parameters":[],"stepsCount":0,"shouldDisplayMessage":false,"attachmentsCount":0,"hasContent":false,"attachmentStep":false},{"name":"debtor_service_provider_token_a","time":{"start":1770446253325,"stop":1770446253704,"duration":379},"status":"passed","steps":[],"attachments":[],"parameters":[],"stepsCount":0,"shouldDisplayMessage":false,"attachmentsCount":0,"hasContent":false,"attachmentStep":false},{"name":"random_fiscal_code","time":{"start":1770446253325,"stop":1770446253325,"duration":0},"status":"passed","steps":[],"attachments":[],"parameters":[],"stepsCount":0,"shouldDisplayMessage":false,"attachmentsCount":0,"hasContent":false,"attachmentStep":false},{"name":"activate_payer","time":{"start":1770446253704,"stop":1770446253704,"duration":0},"status":"passed","steps":[],"attachments":[],"parameters":[],"stepsCount":0,"shouldDisplayMessage":false,"attachmentsCount":0,"hasContent":false,"attachmentStep":false}],"afterStages":[],"labels":[{"name":"feature","value":"GPD Message API"},{"name":"story","value":"Consumer sends DELETE message to Sender after CREATE"},{"name":"tag","value":"rtp_send"},{"name":"tag","value":"delete_parameterized"},{"name":"tag","value":"gpd_message"},{"name":"epic","value":"RTP GPD Message"},{"name":"tag","value":"functional"},{"name":"tag","value":"send"},{"name":"parentSuite","value":"functional-tests.tests"},{"name":"suite","value":"test_RTP_process_sender_DELETE"},{"name":"host","value":"runnervmwffz4"},{"name":"thread","value":"2607-MainThread"},{"name":"framework","value":"pytest"},{"name":"language","value":"cpython3"},{"name":"package","value":"functional-tests.tests.test_RTP_process_sender_DELETE"},{"name":"resultFormat","value":"allure2"}],"parameters":[{"name":"status","value":"'DRAFT'"}],"links":[],"hidden":false,"retry":false,"extra":{"severity":"normal","retries":[],"categories":[{"name":"Product defects","matchedStatuses":[],"flaky":false}],"history":{"statistic":{"failed":3,"broken":0,"skipped":0,"passed":0,"unknown":0,"total":3},"items":[{"uid":"821684c7bdd2e123","reportUrl":"https://pagopa.github.io/rtp-platform-qa/functional/813/#testresult/821684c7bdd2e123","status":"failed","statusDetails":"AssertionError: Expected 400 for CREATE with status DRAFT, got 200. Response:","time":{"start":1770360562746,"stop":1770360564018,"duration":1272}},{"uid":"a2d5876327cdf64e","reportUrl":"https://pagopa.github.io/rtp-platform-qa/functional/812/#testresult/a2d5876327cdf64e","status":"failed","statusDetails":"AssertionError: Expected 400 for CREATE with status DRAFT, got 200. Response:","time":{"start":1770289978911,"stop":1770289980530,"duration":1619}}]},"tags":["rtp_send","functional","delete_parameterized","gpd_message","send"]},"source":"938fe8c45072b23b.json","parameterValues":["'DRAFT'"]}