{"uid":"fa9dab4f59ca6ae9","name":"A Service Provider with invalid client secret is not authenticated","fullName":"functional-tests.tests.test_auth#test_get_token_with_invalid_client_secret","historyId":"a064f4191fe37d5361352eac7e31c65d","time":{"start":1762338673824,"stop":1762338674289,"duration":465},"status":"failed","statusMessage":"AssertionError: assert 400 == 401\n +  where 400 = <Response [400]>.status_code","statusTrace":"@allure.feature('Authentication')\n    @allure.story('Service Provider authenticated')\n    @allure.title('A Service Provider with invalid client secret is not authenticated')\n    @pytest.mark.auth\n    @pytest.mark.unhappy_path\n    def test_get_token_with_invalid_client_secret():\n        invalid_client_secret = '000000000000000000000000000000000000'\n        token_response = get_access_token(client_id=secrets.creditor_service_provider.client_id,\n                                          client_secret=invalid_client_secret)\n>       assert token_response.status_code == 401\nE       assert 400 == 401\nE        +  where 400 = <Response [400]>.status_code\n\nfunctional-tests/tests/test_auth.py:46: AssertionError","flaky":false,"newFailed":false,"newBroken":false,"newPassed":false,"retriesCount":0,"retriesStatusChange":false,"beforeStages":[{"name":"_session_faker","time":{"start":1762338660807,"stop":1762338660873,"duration":66},"status":"passed","steps":[],"attachments":[],"parameters":[],"shouldDisplayMessage":false,"stepsCount":0,"attachmentsCount":0,"hasContent":false,"attachmentStep":false}],"afterStages":[],"labels":[{"name":"feature","value":"Authentication"},{"name":"story","value":"Service Provider authenticated"},{"name":"tag","value":"unhappy_path"},{"name":"tag","value":"auth"},{"name":"parentSuite","value":"functional-tests.tests"},{"name":"suite","value":"test_auth"},{"name":"host","value":"runnervmf2e7y"},{"name":"thread","value":"2192-MainThread"},{"name":"framework","value":"pytest"},{"name":"language","value":"cpython3"},{"name":"package","value":"functional-tests.tests.test_auth"},{"name":"resultFormat","value":"allure2"}],"parameters":[],"links":[],"hidden":false,"retry":false,"extra":{"severity":"normal","retries":[],"categories":[{"name":"Product defects","matchedStatuses":[],"flaky":false}],"history":{"statistic":{"failed":11,"broken":0,"skipped":0,"passed":0,"unknown":0,"total":11},"items":[{"uid":"4faa74c85b00a3f2","status":"failed","statusDetails":"AssertionError: assert 400 == 401\n +  where 400 = <Response [400]>.status_code","time":{"start":1762337531472,"stop":1762337532290,"duration":818}},{"uid":"ffbe37bebcb1a0d1","status":"failed","statusDetails":"AssertionError: assert 400 == 401\n +  where 400 = <Response [400]>.status_code","time":{"start":1762335781350,"stop":1762335781803,"duration":453}},{"uid":"cc0331a711d7a017","status":"failed","statusDetails":"AssertionError: assert 400 == 401\n +  where 400 = <Response [400]>.status_code","time":{"start":1762335187677,"stop":1762335188311,"duration":634}},{"uid":"deb05b38c57aafba","status":"failed","statusDetails":"AssertionError: assert 400 == 401\n +  where 400 = <Response [400]>.status_code","time":{"start":1762334029425,"stop":1762334030017,"duration":592}},{"uid":"41954407f01ac685","status":"failed","statusDetails":"AssertionError: assert 400 == 401\n +  where 400 = <Response [400]>.status_code","time":{"start":1762333275478,"stop":1762333276281,"duration":803}},{"uid":"47e65f500ae82719","status":"failed","statusDetails":"AssertionError: assert 400 == 401\n +  where 400 = <Response [400]>.status_code","time":{"start":1762332342090,"stop":1762332342736,"duration":646}},{"uid":"d6e6401ccc3703ae","status":"failed","statusDetails":"AssertionError: assert 400 == 401\n +  where 400 = <Response [400]>.status_code","time":{"start":1762331592724,"stop":1762331593373,"duration":649}},{"uid":"d912492e131adb01","status":"failed","statusDetails":"AssertionError: assert 400 == 401\n +  where 400 = <Response [400]>.status_code","time":{"start":1762323829027,"stop":1762323829721,"duration":694}},{"uid":"8961ca05a3c45bde","status":"failed","statusDetails":"AssertionError: assert 400 == 401\n +  where 400 = <Response [400]>.status_code","time":{"start":1762272867234,"stop":1762272867831,"duration":597}},{"uid":"c66ebdf0a3986e16","status":"failed","statusDetails":"AssertionError: assert 400 == 401\n +  where 400 = <Response [400]>.status_code","time":{"start":1762269030834,"stop":1762269031337,"duration":503}}]},"tags":["auth","unhappy_path"]},"source":"fa9dab4f59ca6ae9.json","parameterValues":[]}